<?xml version="1.0" encoding="UTF-8"?>
<testsuite xmlns:xsi="http://www.w3.org/2001/XMLSchema-instance" xsi:noNamespaceSchemaLocation="https://maven.apache.org/surefire/maven-surefire-plugin/xsd/surefire-test-report.xsd" name="conduitApp.ConduitTest" time="12.372" tests="1" errors="0" skipped="0" failures="1">
  <properties>
    <property name="sun.desktop" value="windows"/>
    <property name="awt.toolkit" value="sun.awt.windows.WToolkit"/>
    <property name="java.specification.version" value="11"/>
    <property name="sun.cpu.isalist" value="amd64"/>
    <property name="sun.jnu.encoding" value="Cp1252"/>
    <property name="java.class.path" value="C:\Users\hbodake\Documents\karate-udemy\udemyproject\target\test-classes;C:\Users\hbodake\Documents\karate-udemy\udemyproject\target\classes;C:\Users\hbodake\.m2\repository\com\intuit\karate\karate-junit5\1.3.1\karate-junit5-1.3.1.jar;C:\Users\hbodake\.m2\repository\com\intuit\karate\karate-core\1.3.1\karate-core-1.3.1.jar;C:\Users\hbodake\.m2\repository\org\graalvm\js\js-scriptengine\22.0.0.2\js-scriptengine-22.0.0.2.jar;C:\Users\hbodake\.m2\repository\org\graalvm\sdk\graal-sdk\22.0.0.2\graal-sdk-22.0.0.2.jar;C:\Users\hbodake\.m2\repository\org\graalvm\js\js\22.0.0.2\js-22.0.0.2.jar;C:\Users\hbodake\.m2\repository\org\graalvm\regex\regex\22.0.0.2\regex-22.0.0.2.jar;C:\Users\hbodake\.m2\repository\org\graalvm\truffle\truffle-api\22.0.0.2\truffle-api-22.0.0.2.jar;C:\Users\hbodake\.m2\repository\org\thymeleaf\thymeleaf\3.0.14.RELEASE\thymeleaf-3.0.14.RELEASE.jar;C:\Users\hbodake\.m2\repository\ognl\ognl\3.1.26\ognl-3.1.26.jar;C:\Users\hbodake\.m2\repository\org\javassist\javassist\3.20.0-GA\javassist-3.20.0-GA.jar;C:\Users\hbodake\.m2\repository\org\attoparser\attoparser\2.0.5.RELEASE\attoparser-2.0.5.RELEASE.jar;C:\Users\hbodake\.m2\repository\org\unbescape\unbescape\1.1.6.RELEASE\unbescape-1.1.6.RELEASE.jar;C:\Users\hbodake\.m2\repository\org\slf4j\slf4j-api\1.7.25\slf4j-api-1.7.25.jar;C:\Users\hbodake\.m2\repository\com\linecorp\armeria\armeria\1.18.0\armeria-1.18.0.jar;C:\Users\hbodake\.m2\repository\com\fasterxml\jackson\core\jackson-core\2.13.3\jackson-core-2.13.3.jar;C:\Users\hbodake\.m2\repository\com\fasterxml\jackson\core\jackson-annotations\2.13.3\jackson-annotations-2.13.3.jar;C:\Users\hbodake\.m2\repository\com\fasterxml\jackson\core\jackson-databind\2.13.3\jackson-databind-2.13.3.jar;C:\Users\hbodake\.m2\repository\io\micrometer\micrometer-core\1.9.2\micrometer-core-1.9.2.jar;C:\Users\hbodake\.m2\repository\org\hdrhistogram\HdrHistogram\2.1.12\HdrHistogram-2.1.12.jar;C:\Users\hbodake\.m2\repository\org\latencyutils\LatencyUtils\2.0.3\LatencyUtils-2.0.3.jar;C:\Users\hbodake\.m2\repository\io\netty\netty-transport\4.1.79.Final\netty-transport-4.1.79.Final.jar;C:\Users\hbodake\.m2\repository\io\netty\netty-common\4.1.79.Final\netty-common-4.1.79.Final.jar;C:\Users\hbodake\.m2\repository\io\netty\netty-buffer\4.1.79.Final\netty-buffer-4.1.79.Final.jar;C:\Users\hbodake\.m2\repository\io\netty\netty-resolver\4.1.79.Final\netty-resolver-4.1.79.Final.jar;C:\Users\hbodake\.m2\repository\io\netty\netty-codec-haproxy\4.1.79.Final\netty-codec-haproxy-4.1.79.Final.jar;C:\Users\hbodake\.m2\repository\io\netty\netty-codec\4.1.79.Final\netty-codec-4.1.79.Final.jar;C:\Users\hbodake\.m2\repository\io\netty\netty-codec-http2\4.1.79.Final\netty-codec-http2-4.1.79.Final.jar;C:\Users\hbodake\.m2\repository\io\netty\netty-handler\4.1.79.Final\netty-handler-4.1.79.Final.jar;C:\Users\hbodake\.m2\repository\io\netty\netty-codec-http\4.1.79.Final\netty-codec-http-4.1.79.Final.jar;C:\Users\hbodake\.m2\repository\io\netty\netty-resolver-dns\4.1.79.Final\netty-resolver-dns-4.1.79.Final.jar;C:\Users\hbodake\.m2\repository\io\netty\netty-codec-dns\4.1.79.Final\netty-codec-dns-4.1.79.Final.jar;C:\Users\hbodake\.m2\repository\org\reactivestreams\reactive-streams\1.0.4\reactive-streams-1.0.4.jar;C:\Users\hbodake\.m2\repository\com\google\code\findbugs\jsr305\3.0.2\jsr305-3.0.2.jar;C:\Users\hbodake\.m2\repository\io\netty\netty-transport-native-unix-common\4.1.79.Final\netty-transport-native-unix-common-4.1.79.Final-linux-x86_64.jar;C:\Users\hbodake\.m2\repository\io\netty\netty-transport-native-epoll\4.1.79.Final\netty-transport-native-epoll-4.1.79.Final-linux-x86_64.jar;C:\Users\hbodake\.m2\repository\io\netty\netty-transport-native-unix-common\4.1.79.Final\netty-transport-native-unix-common-4.1.79.Final.jar;C:\Users\hbodake\.m2\repository\io\netty\netty-transport-classes-epoll\4.1.79.Final\netty-transport-classes-epoll-4.1.79.Final.jar;C:\Users\hbodake\.m2\repository\io\netty\netty-resolver-dns-native-macos\4.1.79.Final\netty-resolver-dns-native-macos-4.1.79.Final-osx-x86_64.jar;C:\Users\hbodake\.m2\repository\io\netty\netty-resolver-dns-classes-macos\4.1.79.Final\netty-resolver-dns-classes-macos-4.1.79.Final.jar;C:\Users\hbodake\.m2\repository\io\netty\netty-resolver-dns-native-macos\4.1.79.Final\netty-resolver-dns-native-macos-4.1.79.Final-osx-aarch_64.jar;C:\Users\hbodake\.m2\repository\io\netty\netty-tcnative-boringssl-static\2.0.53.Final\netty-tcnative-boringssl-static-2.0.53.Final-linux-x86_64.jar;C:\Users\hbodake\.m2\repository\io\netty\netty-tcnative-classes\2.0.53.Final\netty-tcnative-classes-2.0.53.Final.jar;C:\Users\hbodake\.m2\repository\io\netty\netty-tcnative-boringssl-static\2.0.53.Final\netty-tcnative-boringssl-static-2.0.53.Final-linux-aarch_64.jar;C:\Users\hbodake\.m2\repository\io\netty\netty-tcnative-boringssl-static\2.0.53.Final\netty-tcnative-boringssl-static-2.0.53.Final-osx-x86_64.jar;C:\Users\hbodake\.m2\repository\io\netty\netty-tcnative-boringssl-static\2.0.53.Final\netty-tcnative-boringssl-static-2.0.53.Final-osx-aarch_64.jar;C:\Users\hbodake\.m2\repository\io\netty\netty-tcnative-boringssl-static\2.0.53.Final\netty-tcnative-boringssl-static-2.0.53.Final-windows-x86_64.jar;C:\Users\hbodake\.m2\repository\io\netty\netty-handler-proxy\4.1.79.Final\netty-handler-proxy-4.1.79.Final.jar;C:\Users\hbodake\.m2\repository\io\netty\netty-codec-socks\4.1.79.Final\netty-codec-socks-4.1.79.Final.jar;C:\Users\hbodake\.m2\repository\com\aayushatharva\brotli4j\brotli4j\1.7.1\brotli4j-1.7.1.jar;C:\Users\hbodake\.m2\repository\com\aayushatharva\brotli4j\native-windows-x86_64\1.7.1\native-windows-x86_64-1.7.1.jar;C:\Users\hbodake\.m2\repository\org\apache\httpcomponents\httpclient\4.5.13\httpclient-4.5.13.jar;C:\Users\hbodake\.m2\repository\org\apache\httpcomponents\httpcore\4.4.13\httpcore-4.4.13.jar;C:\Users\hbodake\.m2\repository\commons-codec\commons-codec\1.11\commons-codec-1.11.jar;C:\Users\hbodake\.m2\repository\ch\qos\logback\logback-classic\1.2.9\logback-classic-1.2.9.jar;C:\Users\hbodake\.m2\repository\ch\qos\logback\logback-core\1.2.9\logback-core-1.2.9.jar;C:\Users\hbodake\.m2\repository\org\slf4j\jcl-over-slf4j\1.7.32\jcl-over-slf4j-1.7.32.jar;C:\Users\hbodake\.m2\repository\org\antlr\antlr4-runtime\4.9.3\antlr4-runtime-4.9.3.jar;C:\Users\hbodake\.m2\repository\com\jayway\jsonpath\json-path\2.7.0\json-path-2.7.0.jar;C:\Users\hbodake\.m2\repository\net\minidev\json-smart\2.4.7\json-smart-2.4.7.jar;C:\Users\hbodake\.m2\repository\net\minidev\accessors-smart\2.4.7\accessors-smart-2.4.7.jar;C:\Users\hbodake\.m2\repository\org\ow2\asm\asm\9.1\asm-9.1.jar;C:\Users\hbodake\.m2\repository\info\cukes\cucumber-java\1.2.5\cucumber-java-1.2.5.jar;C:\Users\hbodake\.m2\repository\info\cukes\cucumber-core\1.2.5\cucumber-core-1.2.5.jar;C:\Users\hbodake\.m2\repository\org\yaml\snakeyaml\1.32\snakeyaml-1.32.jar;C:\Users\hbodake\.m2\repository\de\siegmar\fastcsv\2.0.0\fastcsv-2.0.0.jar;C:\Users\hbodake\.m2\repository\info\picocli\picocli\4.6.1\picocli-4.6.1.jar;C:\Users\hbodake\.m2\repository\io\github\classgraph\classgraph\4.8.149\classgraph-4.8.149.jar;C:\Users\hbodake\.m2\repository\io\github\t12y\resemble\1.0.2\resemble-1.0.2.jar;C:\Users\hbodake\.m2\repository\io\github\t12y\ssim\1.0.0\ssim-1.0.0.jar;C:\Users\hbodake\.m2\repository\org\junit\jupiter\junit-jupiter-api\5.7.2\junit-jupiter-api-5.7.2.jar;C:\Users\hbodake\.m2\repository\org\apiguardian\apiguardian-api\1.1.0\apiguardian-api-1.1.0.jar;C:\Users\hbodake\.m2\repository\org\opentest4j\opentest4j\1.2.0\opentest4j-1.2.0.jar;C:\Users\hbodake\.m2\repository\org\junit\platform\junit-platform-commons\1.7.2\junit-platform-commons-1.7.2.jar;C:\Users\hbodake\.m2\repository\org\junit\jupiter\junit-jupiter-engine\5.7.2\junit-jupiter-engine-5.7.2.jar;C:\Users\hbodake\.m2\repository\org\junit\platform\junit-platform-engine\1.7.2\junit-platform-engine-1.7.2.jar;"/>
    <property name="java.vm.vendor" value="Oracle Corporation"/>
    <property name="sun.arch.data.model" value="64"/>
    <property name="user.variant" value=""/>
    <property name="java.vendor.url" value="https://openjdk.java.net/"/>
    <property name="user.timezone" value="Asia/Calcutta"/>
    <property name="java.vm.specification.version" value="11"/>
    <property name="os.name" value="Windows 10"/>
    <property name="sun.java.launcher" value="SUN_STANDARD"/>
    <property name="user.country" value="US"/>
    <property name="sun.boot.library.path" value="C:\Users\hbodake\Documents\Java\jdk-11\bin"/>
    <property name="sun.java.command" value="C:\Users\hbodake\AppData\Local\Temp\surefire4107280713104218446\surefirebooter8861421763108159152.jar C:\Users\hbodake\AppData\Local\Temp\surefire4107280713104218446 2023-05-23T13-37-01_820-jvmRun1 surefire9292849003507327409tmp surefire_03179334397014069254tmp"/>
    <property name="jdk.debug" value="release"/>
    <property name="surefire.test.class.path" value="C:\Users\hbodake\Documents\karate-udemy\udemyproject\target\test-classes;C:\Users\hbodake\Documents\karate-udemy\udemyproject\target\classes;C:\Users\hbodake\.m2\repository\com\intuit\karate\karate-junit5\1.3.1\karate-junit5-1.3.1.jar;C:\Users\hbodake\.m2\repository\com\intuit\karate\karate-core\1.3.1\karate-core-1.3.1.jar;C:\Users\hbodake\.m2\repository\org\graalvm\js\js-scriptengine\22.0.0.2\js-scriptengine-22.0.0.2.jar;C:\Users\hbodake\.m2\repository\org\graalvm\sdk\graal-sdk\22.0.0.2\graal-sdk-22.0.0.2.jar;C:\Users\hbodake\.m2\repository\org\graalvm\js\js\22.0.0.2\js-22.0.0.2.jar;C:\Users\hbodake\.m2\repository\org\graalvm\regex\regex\22.0.0.2\regex-22.0.0.2.jar;C:\Users\hbodake\.m2\repository\org\graalvm\truffle\truffle-api\22.0.0.2\truffle-api-22.0.0.2.jar;C:\Users\hbodake\.m2\repository\org\thymeleaf\thymeleaf\3.0.14.RELEASE\thymeleaf-3.0.14.RELEASE.jar;C:\Users\hbodake\.m2\repository\ognl\ognl\3.1.26\ognl-3.1.26.jar;C:\Users\hbodake\.m2\repository\org\javassist\javassist\3.20.0-GA\javassist-3.20.0-GA.jar;C:\Users\hbodake\.m2\repository\org\attoparser\attoparser\2.0.5.RELEASE\attoparser-2.0.5.RELEASE.jar;C:\Users\hbodake\.m2\repository\org\unbescape\unbescape\1.1.6.RELEASE\unbescape-1.1.6.RELEASE.jar;C:\Users\hbodake\.m2\repository\org\slf4j\slf4j-api\1.7.25\slf4j-api-1.7.25.jar;C:\Users\hbodake\.m2\repository\com\linecorp\armeria\armeria\1.18.0\armeria-1.18.0.jar;C:\Users\hbodake\.m2\repository\com\fasterxml\jackson\core\jackson-core\2.13.3\jackson-core-2.13.3.jar;C:\Users\hbodake\.m2\repository\com\fasterxml\jackson\core\jackson-annotations\2.13.3\jackson-annotations-2.13.3.jar;C:\Users\hbodake\.m2\repository\com\fasterxml\jackson\core\jackson-databind\2.13.3\jackson-databind-2.13.3.jar;C:\Users\hbodake\.m2\repository\io\micrometer\micrometer-core\1.9.2\micrometer-core-1.9.2.jar;C:\Users\hbodake\.m2\repository\org\hdrhistogram\HdrHistogram\2.1.12\HdrHistogram-2.1.12.jar;C:\Users\hbodake\.m2\repository\org\latencyutils\LatencyUtils\2.0.3\LatencyUtils-2.0.3.jar;C:\Users\hbodake\.m2\repository\io\netty\netty-transport\4.1.79.Final\netty-transport-4.1.79.Final.jar;C:\Users\hbodake\.m2\repository\io\netty\netty-common\4.1.79.Final\netty-common-4.1.79.Final.jar;C:\Users\hbodake\.m2\repository\io\netty\netty-buffer\4.1.79.Final\netty-buffer-4.1.79.Final.jar;C:\Users\hbodake\.m2\repository\io\netty\netty-resolver\4.1.79.Final\netty-resolver-4.1.79.Final.jar;C:\Users\hbodake\.m2\repository\io\netty\netty-codec-haproxy\4.1.79.Final\netty-codec-haproxy-4.1.79.Final.jar;C:\Users\hbodake\.m2\repository\io\netty\netty-codec\4.1.79.Final\netty-codec-4.1.79.Final.jar;C:\Users\hbodake\.m2\repository\io\netty\netty-codec-http2\4.1.79.Final\netty-codec-http2-4.1.79.Final.jar;C:\Users\hbodake\.m2\repository\io\netty\netty-handler\4.1.79.Final\netty-handler-4.1.79.Final.jar;C:\Users\hbodake\.m2\repository\io\netty\netty-codec-http\4.1.79.Final\netty-codec-http-4.1.79.Final.jar;C:\Users\hbodake\.m2\repository\io\netty\netty-resolver-dns\4.1.79.Final\netty-resolver-dns-4.1.79.Final.jar;C:\Users\hbodake\.m2\repository\io\netty\netty-codec-dns\4.1.79.Final\netty-codec-dns-4.1.79.Final.jar;C:\Users\hbodake\.m2\repository\org\reactivestreams\reactive-streams\1.0.4\reactive-streams-1.0.4.jar;C:\Users\hbodake\.m2\repository\com\google\code\findbugs\jsr305\3.0.2\jsr305-3.0.2.jar;C:\Users\hbodake\.m2\repository\io\netty\netty-transport-native-unix-common\4.1.79.Final\netty-transport-native-unix-common-4.1.79.Final-linux-x86_64.jar;C:\Users\hbodake\.m2\repository\io\netty\netty-transport-native-epoll\4.1.79.Final\netty-transport-native-epoll-4.1.79.Final-linux-x86_64.jar;C:\Users\hbodake\.m2\repository\io\netty\netty-transport-native-unix-common\4.1.79.Final\netty-transport-native-unix-common-4.1.79.Final.jar;C:\Users\hbodake\.m2\repository\io\netty\netty-transport-classes-epoll\4.1.79.Final\netty-transport-classes-epoll-4.1.79.Final.jar;C:\Users\hbodake\.m2\repository\io\netty\netty-resolver-dns-native-macos\4.1.79.Final\netty-resolver-dns-native-macos-4.1.79.Final-osx-x86_64.jar;C:\Users\hbodake\.m2\repository\io\netty\netty-resolver-dns-classes-macos\4.1.79.Final\netty-resolver-dns-classes-macos-4.1.79.Final.jar;C:\Users\hbodake\.m2\repository\io\netty\netty-resolver-dns-native-macos\4.1.79.Final\netty-resolver-dns-native-macos-4.1.79.Final-osx-aarch_64.jar;C:\Users\hbodake\.m2\repository\io\netty\netty-tcnative-boringssl-static\2.0.53.Final\netty-tcnative-boringssl-static-2.0.53.Final-linux-x86_64.jar;C:\Users\hbodake\.m2\repository\io\netty\netty-tcnative-classes\2.0.53.Final\netty-tcnative-classes-2.0.53.Final.jar;C:\Users\hbodake\.m2\repository\io\netty\netty-tcnative-boringssl-static\2.0.53.Final\netty-tcnative-boringssl-static-2.0.53.Final-linux-aarch_64.jar;C:\Users\hbodake\.m2\repository\io\netty\netty-tcnative-boringssl-static\2.0.53.Final\netty-tcnative-boringssl-static-2.0.53.Final-osx-x86_64.jar;C:\Users\hbodake\.m2\repository\io\netty\netty-tcnative-boringssl-static\2.0.53.Final\netty-tcnative-boringssl-static-2.0.53.Final-osx-aarch_64.jar;C:\Users\hbodake\.m2\repository\io\netty\netty-tcnative-boringssl-static\2.0.53.Final\netty-tcnative-boringssl-static-2.0.53.Final-windows-x86_64.jar;C:\Users\hbodake\.m2\repository\io\netty\netty-handler-proxy\4.1.79.Final\netty-handler-proxy-4.1.79.Final.jar;C:\Users\hbodake\.m2\repository\io\netty\netty-codec-socks\4.1.79.Final\netty-codec-socks-4.1.79.Final.jar;C:\Users\hbodake\.m2\repository\com\aayushatharva\brotli4j\brotli4j\1.7.1\brotli4j-1.7.1.jar;C:\Users\hbodake\.m2\repository\com\aayushatharva\brotli4j\native-windows-x86_64\1.7.1\native-windows-x86_64-1.7.1.jar;C:\Users\hbodake\.m2\repository\org\apache\httpcomponents\httpclient\4.5.13\httpclient-4.5.13.jar;C:\Users\hbodake\.m2\repository\org\apache\httpcomponents\httpcore\4.4.13\httpcore-4.4.13.jar;C:\Users\hbodake\.m2\repository\commons-codec\commons-codec\1.11\commons-codec-1.11.jar;C:\Users\hbodake\.m2\repository\ch\qos\logback\logback-classic\1.2.9\logback-classic-1.2.9.jar;C:\Users\hbodake\.m2\repository\ch\qos\logback\logback-core\1.2.9\logback-core-1.2.9.jar;C:\Users\hbodake\.m2\repository\org\slf4j\jcl-over-slf4j\1.7.32\jcl-over-slf4j-1.7.32.jar;C:\Users\hbodake\.m2\repository\org\antlr\antlr4-runtime\4.9.3\antlr4-runtime-4.9.3.jar;C:\Users\hbodake\.m2\repository\com\jayway\jsonpath\json-path\2.7.0\json-path-2.7.0.jar;C:\Users\hbodake\.m2\repository\net\minidev\json-smart\2.4.7\json-smart-2.4.7.jar;C:\Users\hbodake\.m2\repository\net\minidev\accessors-smart\2.4.7\accessors-smart-2.4.7.jar;C:\Users\hbodake\.m2\repository\org\ow2\asm\asm\9.1\asm-9.1.jar;C:\Users\hbodake\.m2\repository\info\cukes\cucumber-java\1.2.5\cucumber-java-1.2.5.jar;C:\Users\hbodake\.m2\repository\info\cukes\cucumber-core\1.2.5\cucumber-core-1.2.5.jar;C:\Users\hbodake\.m2\repository\org\yaml\snakeyaml\1.32\snakeyaml-1.32.jar;C:\Users\hbodake\.m2\repository\de\siegmar\fastcsv\2.0.0\fastcsv-2.0.0.jar;C:\Users\hbodake\.m2\repository\info\picocli\picocli\4.6.1\picocli-4.6.1.jar;C:\Users\hbodake\.m2\repository\io\github\classgraph\classgraph\4.8.149\classgraph-4.8.149.jar;C:\Users\hbodake\.m2\repository\io\github\t12y\resemble\1.0.2\resemble-1.0.2.jar;C:\Users\hbodake\.m2\repository\io\github\t12y\ssim\1.0.0\ssim-1.0.0.jar;C:\Users\hbodake\.m2\repository\org\junit\jupiter\junit-jupiter-api\5.7.2\junit-jupiter-api-5.7.2.jar;C:\Users\hbodake\.m2\repository\org\apiguardian\apiguardian-api\1.1.0\apiguardian-api-1.1.0.jar;C:\Users\hbodake\.m2\repository\org\opentest4j\opentest4j\1.2.0\opentest4j-1.2.0.jar;C:\Users\hbodake\.m2\repository\org\junit\platform\junit-platform-commons\1.7.2\junit-platform-commons-1.7.2.jar;C:\Users\hbodake\.m2\repository\org\junit\jupiter\junit-jupiter-engine\5.7.2\junit-jupiter-engine-5.7.2.jar;C:\Users\hbodake\.m2\repository\org\junit\platform\junit-platform-engine\1.7.2\junit-platform-engine-1.7.2.jar;"/>
    <property name="sun.cpu.endian" value="little"/>
    <property name="user.home" value="C:\Users\hbodake"/>
    <property name="user.language" value="en"/>
    <property name="java.specification.vendor" value="Oracle Corporation"/>
    <property name="java.version.date" value="2023-01-17"/>
    <property name="java.home" value="C:\Users\hbodake\Documents\Java\jdk-11"/>
    <property name="file.separator" value="\"/>
    <property name="basedir" value="C:\Users\hbodake\Documents\karate-udemy\udemyproject"/>
    <property name="java.vm.compressedOopsMode" value="Zero based"/>
    <property name="line.separator" value="&#10;"/>
    <property name="java.specification.name" value="Java Platform API Specification"/>
    <property name="java.vm.specification.vendor" value="Oracle Corporation"/>
    <property name="java.awt.graphicsenv" value="sun.awt.Win32GraphicsEnvironment"/>
    <property name="surefire.real.class.path" value="C:\Users\hbodake\AppData\Local\Temp\surefire4107280713104218446\surefirebooter8861421763108159152.jar"/>
    <property name="user.script" value=""/>
    <property name="sun.management.compiler" value="HotSpot 64-Bit Tiered Compilers"/>
    <property name="java.runtime.version" value="11.0.18+9-LTS-195"/>
    <property name="user.name" value="hbodake"/>
    <property name="path.separator" value=";"/>
    <property name="os.version" value="10.0"/>
    <property name="java.runtime.name" value="Java(TM) SE Runtime Environment"/>
    <property name="file.encoding" value="UTF-8"/>
    <property name="java.vm.name" value="Java HotSpot(TM) 64-Bit Server VM"/>
    <property name="java.vendor.version" value="18.9"/>
    <property name="localRepository" value="C:\Users\hbodake\.m2\repository"/>
    <property name="java.vendor.url.bug" value="https://bugreport.java.com/bugreport/"/>
    <property name="java.io.tmpdir" value="C:\Users\hbodake\AppData\Local\Temp\"/>
    <property name="java.version" value="11.0.18"/>
    <property name="user.dir" value="C:\Users\hbodake\Documents\karate-udemy\udemyproject"/>
    <property name="os.arch" value="amd64"/>
    <property name="java.vm.specification.name" value="Java Virtual Machine Specification"/>
    <property name="java.awt.printerjob" value="sun.awt.windows.WPrinterJob"/>
    <property name="sun.os.patch.level" value=""/>
    <property name="java.library.path" value="C:\Users\hbodake\Documents\Java\jdk-11\bin;C:\WINDOWS\Sun\Java\bin;C:\WINDOWS\system32;C:\WINDOWS;C:\Program Files\Common Files\Oracle\Java\javapath;C:\Program Files (x86)\Common Files\Oracle\Java\javapath;C:\WINDOWS\system32;C:\WINDOWS;C:\WINDOWS\System32\Wbem;C:\WINDOWS\System32\WindowsPowerShell\v1.0\;C:\Users\hbodake\AppData\Local\Microsoft\WindowsApps;C:\Program Files\dotnet\;C:\Program Files (x86)\dotnet\;C:\Users\hbodake\Documents\Java\jdk-11\bin;C:\Users\hbodake\Documents\Maven\apache-maven-3.8.7\bin;%GIT_SSH%\bin;C:\Program Files\PuTTY\;C:\Program Files (x86)\Micro Focus\LoadRunner\bin\Silk\Silk Performer 21.0;C:\ProgramData\chocolatey\bin;C:\Program Files (x86)\Yarn\bin\;C:\Program Files\nodejs\;C:\Users\hbodake\AppData\Local\Microsoft\WindowsApps;C:\Users\hbodake\AppData\Local\Programs\Git\cmd;C:\Users\hbodake\AppData\Local\Programs\Microsoft VS Code\bin;C:\Users\hbodake\AppData\Local\Yarn\bin;C:\Users\hbodake\AppData\Roaming\npm;."/>
    <property name="java.vendor" value="Oracle Corporation"/>
    <property name="java.vm.info" value="mixed mode"/>
    <property name="java.vm.version" value="11.0.18+9-LTS-195"/>
    <property name="sun.io.unicode.encoding" value="UnicodeLittle"/>
    <property name="java.class.version" value="55.0"/>
  </properties>
  <testcase name="testParallel" classname="conduitApp.ConduitTest" time="12.366">
    <failure message="match failed: EQUALS&#10;  $ | not equal (NUMBER:NUMBER)&#10;  207&#10;  197&#10;&#10;classpath:conduitApp/feature/HomePage.feature:21 ==&gt; expected: &lt;0&gt; but was: &lt;1&gt;" type="org.opentest4j.AssertionFailedError"><![CDATA[org.opentest4j.AssertionFailedError: 
match failed: EQUALS
  $ | not equal (NUMBER:NUMBER)
  207
  197

classpath:conduitApp/feature/HomePage.feature:21 ==> expected: <0> but was: <1>
	at conduitApp.ConduitTest.testParallel(ConduitTest.java:15)
]]></failure>
    <system-out><![CDATA[13:37:04.295 [main] DEBUG com.intuit.karate.Suite - [config] classpath:karate-config.js
13:37:04.299 [main] INFO  com.intuit.karate.Suite - backed up existing 'target\karate-reports' dir to: target\karate-reports_1684829224298
13:37:04.307 [main] DEBUG com.intuit.karate.Suite - waiting for 3 features to complete
13:37:05.475 [pool-1-thread-5] INFO  com.intuit.karate - karate.env system property was: null 
13:37:05.487 [pool-1-thread-5] INFO  com.intuit.karate - >> lock acquired, begin callSingle: classpath:helper/CreateToken.feature
13:37:05.996 [pool-1-thread-5] DEBUG com.intuit.karate - request:
1 > POST https://api.realworld.io/api/users/login
1 > Content-Type: application/json; charset=UTF-8
1 > Content-Length: 64
1 > Host: api.realworld.io
1 > Connection: Keep-Alive
1 > User-Agent: Apache-HttpClient/4.5.13 (Java/11.0.18)
1 > Accept-Encoding: gzip,deflate
{"user":{"email":"karate8108@karate.com","password":"karate12"}}

13:37:06.919 [pool-1-thread-5] DEBUG com.intuit.karate - response time in milliseconds: 921
1 < 200
1 < Date: Tue, 23 May 2023 08:07:06 GMT
1 < Content-Type: application/json; charset=utf-8
1 < Transfer-Encoding: chunked
1 < Connection: keep-alive
1 < X-Powered-By: Express
1 < Access-Control-Allow-Origin: *
1 < Etag: W/"15f-9nu0mImd5vY3M6zOM7MYWUpoDxE"
1 < Via: 1.1 vegur
1 < CF-Cache-Status: DYNAMIC
1 < Report-To: {"endpoints":[{"url":"https:\/\/a.nel.cloudflare.com\/report\/v3?s=L1hm7pGHBm10CvbQZuF7jXidlXyeJ3LyBN7%2BqcWmM0rd2CS1FTr1CbVxHvo4YL1VXUnR7%2B9tNWdErWzK5VYCkfXNud6pJbwzlLRpPFyx0Atp8QFk4LbxAyBK2AMTentQz%2FBo"}],"group":"cf-nel","max_age":604800}
1 < NEL: {"success_fraction":0,"report_to":"cf-nel","max_age":604800}
1 < Server: cloudflare
1 < CF-RAY: 7cbbcda78e808589-BOM
1 < alt-svc: h3=":443"; ma=86400, h3-29=":443"; ma=86400
{"user":{"email":"karate8108@karate.com","username":"karate8108","bio":null,"image":"https://api.realworld.io/images/smiley-cyrus.jpeg","token":"eyJhbGciOiJIUzI1NiIsInR5cCI6IkpXVCJ9.eyJlbWFpbCI6ImthcmF0ZTgxMDhAa2FyYXRlLmNvbSIsInVzZXJuYW1lIjoia2FyYXRlODEwOCIsImlhdCI6MTY4NDgyOTIyNiwiZXhwIjoxNjkwMDEzMjI2fQ.TLUPPVachTzRjkCco5Q2Dp90kuB5kbrzJ4qAPxAeZzA"}}

13:37:06.927 [pool-1-thread-5] INFO  com.intuit.karate - << lock released, cached callSingle: classpath:helper/CreateToken.feature
13:37:06.939 [pool-1-thread-2] INFO  com.intuit.karate - karate.env system property was: null 
13:37:06.941 [pool-1-thread-5] DEBUG com.intuit.karate - request:
1 > POST https://jsonplaceholder.typicode.com/users
1 > Authorization: Token eyJhbGciOiJIUzI1NiIsInR5cCI6IkpXVCJ9.eyJlbWFpbCI6ImthcmF0ZTgxMDhAa2FyYXRlLmNvbSIsInVzZXJuYW1lIjoia2FyYXRlODEwOCIsImlhdCI6MTY4NDgyOTIyNiwiZXhwIjoxNjkwMDEzMjI2fQ.TLUPPVachTzRjkCco5Q2Dp90kuB5kbrzJ4qAPxAeZzA
1 > Content-Type: application/json; charset=UTF-8
1 > Content-Length: 160
1 > Host: jsonplaceholder.typicode.com
1 > Connection: Keep-Alive
1 > User-Agent: Apache-HttpClient/4.5.13 (Java/11.0.18)
1 > Accept-Encoding: gzip,deflate
{"name":"Test User","username":"testuser","email":"test@user.com","address":{"street":"Has No Name","suite":"Apt. 123","city":"Electri","zipcode":"54321-6789"}}

13:37:06.947 [pool-1-thread-2] DEBUG com.intuit.karate - request:
1 > GET https://api.realworld.io/api/tags
1 > Authorization: Token eyJhbGciOiJIUzI1NiIsInR5cCI6IkpXVCJ9.eyJlbWFpbCI6ImthcmF0ZTgxMDhAa2FyYXRlLmNvbSIsInVzZXJuYW1lIjoia2FyYXRlODEwOCIsImlhdCI6MTY4NDgyOTIyNiwiZXhwIjoxNjkwMDEzMjI2fQ.TLUPPVachTzRjkCco5Q2Dp90kuB5kbrzJ4qAPxAeZzA
1 > Host: api.realworld.io
1 > Connection: Keep-Alive
1 > User-Agent: Apache-HttpClient/4.5.13 (Java/11.0.18)
1 > Accept-Encoding: gzip,deflate


13:37:06.948 [pool-1-thread-4] INFO  com.intuit.karate - karate.env system property was: null 
13:37:06.956 [pool-1-thread-4] DEBUG com.intuit.karate - request:
1 > GET https://jsonplaceholder.typicode.com/users
1 > Authorization: Token eyJhbGciOiJIUzI1NiIsInR5cCI6IkpXVCJ9.eyJlbWFpbCI6ImthcmF0ZTgxMDhAa2FyYXRlLmNvbSIsInVzZXJuYW1lIjoia2FyYXRlODEwOCIsImlhdCI6MTY4NDgyOTIyNiwiZXhwIjoxNjkwMDEzMjI2fQ.TLUPPVachTzRjkCco5Q2Dp90kuB5kbrzJ4qAPxAeZzA
1 > Host: jsonplaceholder.typicode.com
1 > Connection: Keep-Alive
1 > User-Agent: Apache-HttpClient/4.5.13 (Java/11.0.18)
1 > Accept-Encoding: gzip,deflate


13:37:06.957 [pool-1-thread-1] INFO  com.intuit.karate - karate.env system property was: null 
13:37:06.965 [pool-1-thread-3] INFO  com.intuit.karate - karate.env system property was: null 
13:37:06.979 [pool-1-thread-1] INFO  com.intuit.karate - >> lock acquired, begin callonce: read('classpath:helper/CreateToken.feature')
13:37:06.985 [pool-1-thread-3] DEBUG com.intuit.karate - request:
1 > GET https://api.realworld.io/api/articles?offset=0&limit=10
1 > Authorization: Token eyJhbGciOiJIUzI1NiIsInR5cCI6IkpXVCJ9.eyJlbWFpbCI6ImthcmF0ZTgxMDhAa2FyYXRlLmNvbSIsInVzZXJuYW1lIjoia2FyYXRlODEwOCIsImlhdCI6MTY4NDgyOTIyNiwiZXhwIjoxNjkwMDEzMjI2fQ.TLUPPVachTzRjkCco5Q2Dp90kuB5kbrzJ4qAPxAeZzA
1 > Host: api.realworld.io
1 > Connection: Keep-Alive
1 > User-Agent: Apache-HttpClient/4.5.13 (Java/11.0.18)
1 > Accept-Encoding: gzip,deflate


13:37:06.994 [pool-1-thread-1] DEBUG com.intuit.karate - request:
1 > POST https://api.realworld.io/api/users/login
1 > Authorization: Token eyJhbGciOiJIUzI1NiIsInR5cCI6IkpXVCJ9.eyJlbWFpbCI6ImthcmF0ZTgxMDhAa2FyYXRlLmNvbSIsInVzZXJuYW1lIjoia2FyYXRlODEwOCIsImlhdCI6MTY4NDgyOTIyNiwiZXhwIjoxNjkwMDEzMjI2fQ.TLUPPVachTzRjkCco5Q2Dp90kuB5kbrzJ4qAPxAeZzA
1 > Content-Type: application/json; charset=UTF-8
1 > Content-Length: 64
1 > Host: api.realworld.io
1 > Connection: Keep-Alive
1 > User-Agent: Apache-HttpClient/4.5.13 (Java/11.0.18)
1 > Accept-Encoding: gzip,deflate
{"user":{"email":"karate8108@karate.com","password":"karate12"}}

13:37:07.733 [pool-1-thread-5] DEBUG com.intuit.karate - response time in milliseconds: 791
1 < 201
1 < Date: Tue, 23 May 2023 08:07:07 GMT
1 < Content-Type: application/json; charset=utf-8
1 < Content-Length: 216
1 < Connection: keep-alive
1 < X-Powered-By: Express
1 < X-Ratelimit-Limit: 1000
1 < X-Ratelimit-Remaining: 999
1 < X-Ratelimit-Reset: 1684829272
1 < Vary: Origin, X-HTTP-Method-Override, Accept-Encoding
1 < Access-Control-Allow-Credentials: true
1 < Cache-Control: no-cache
1 < Pragma: no-cache
1 < Expires: -1
1 < Access-Control-Expose-Headers: Location
1 < Location: http://jsonplaceholder.typicode.com/users/11
1 < X-Content-Type-Options: nosniff
1 < Etag: W/"d8-pYV7+YuMGP2hxHPU9ARrf97ifDA"
1 < Via: 1.1 vegur
1 < CF-Cache-Status: DYNAMIC
1 < Report-To: {"endpoints":[{"url":"https:\/\/a.nel.cloudflare.com\/report\/v3?s=hXscWB%2BobHpZ1Qpfyn9qerJyKy2fn6kxuqpbaJEebxJmuvPuF97Vii6iGFPQLvKpvobpwquCJYeuy5dbaM7XXAoLdR4eqSXdIgaUqK26rmv0ToMpuzjdAiOSFkq2TavIWvJXk51jrBxZdbfDLCs%3D"}],"group":"cf-nel","max_age":604800}
1 < NEL: {"success_fraction":0,"report_to":"cf-nel","max_age":604800}
1 < Server: cloudflare
1 < CF-RAY: 7cbbcdad0d682e35-BOM
{
  "name": "Test User",
  "username": "testuser",
  "email": "test@user.com",
  "address": {
    "street": "Has No Name",
    "suite": "Apt. 123",
    "city": "Electri",
    "zipcode": "54321-6789"
  },
  "id": 11
}

13:37:07.736 [pool-1-thread-5] INFO  com.intuit.karate - [print] created id is:  11 
13:37:07.978 [pool-1-thread-2] DEBUG com.intuit.karate - response time in milliseconds: 1031
1 < 200
1 < Date: Tue, 23 May 2023 08:07:07 GMT
1 < Content-Type: application/json; charset=utf-8
1 < Transfer-Encoding: chunked
1 < Connection: keep-alive
1 < X-Powered-By: Express
1 < Access-Control-Allow-Origin: *
1 < Etag: W/"76-QAIKJ+jzFJHRIavFYxLRj4MZAjA"
1 < Via: 1.1 vegur
1 < CF-Cache-Status: DYNAMIC
1 < Report-To: {"endpoints":[{"url":"https:\/\/a.nel.cloudflare.com\/report\/v3?s=3bElO6UmJLLCh7HtoeMMtulXdpb3p1mmI%2FKpjLQYC6tFlha505pZyfYtFmfTQZH0vho6zN1UPAcVNbP8%2F21j5qyoreUAiq9LC8FzPTZu2uIfguYkq0LJGj8RrQNPAhCB3bWo"}],"group":"cf-nel","max_age":604800}
1 < NEL: {"success_fraction":0,"report_to":"cf-nel","max_age":604800}
1 < Server: cloudflare
1 < CF-RAY: 7cbbcdacde6a6ec4-BOM
1 < alt-svc: h3=":443"; ma=86400, h3-29=":443"; ma=86400
{"tags":["implementations","welcome","introduction","codebaseShow","ipsum","qui","et","quia","cupiditate","deserunt"]}

13:37:08.037 [pool-1-thread-4] DEBUG com.intuit.karate - response time in milliseconds: 1081
1 < 200
1 < Date: Tue, 23 May 2023 08:07:08 GMT
1 < Content-Type: application/json; charset=utf-8
1 < Transfer-Encoding: chunked
1 < Connection: keep-alive
1 < X-Powered-By: Express
1 < X-Ratelimit-Limit: 1000
1 < X-Ratelimit-Remaining: 999
1 < X-Ratelimit-Reset: 1669357312
1 < Vary: Origin, Accept-Encoding
1 < Access-Control-Allow-Credentials: true
1 < Cache-Control: max-age=43200
1 < Pragma: no-cache
1 < Expires: -1
1 < X-Content-Type-Options: nosniff
1 < Etag: W/"160d-1eMSsxeJRfnVLRBmYJSbCiJZ1qQ"
1 < Via: 1.1 vegur
1 < CF-Cache-Status: HIT
1 < Age: 9250
1 < Report-To: {"endpoints":[{"url":"https:\/\/a.nel.cloudflare.com\/report\/v3?s=%2BhoU46dKY1QByY4GQOR7bn%2FMdAsjvUHiPsP%2FiL7f%2BngJ4b0UfE5dUs%2BdxarZEw%2BmDpN45tHXhfTxGc9%2FFwX5SYucVcNmz30dlWenQ7G1hfjVV13G4S1i%2BPgU59je%2BcHiF5wcJ3S%2FSO9%2Fdg%2BAMnM%3D"}],"group":"cf-nel","max_age":604800}
1 < NEL: {"success_fraction":0,"report_to":"cf-nel","max_age":604800}
1 < Server: cloudflare
1 < CF-RAY: 7cbbcdb31e7b6efa-BOM
[
  {
    "id": 1,
    "name": "Leanne Graham",
    "username": "Bret",
    "email": "Sincere@april.biz",
    "address": {
      "street": "Kulas Light",
      "suite": "Apt. 556",
      "city": "Gwenborough",
      "zipcode": "92998-3874",
      "geo": {
        "lat": "-37.3159",
        "lng": "81.1496"
      }
    },
    "phone": "1-770-736-8031 x56442",
    "website": "hildegard.org",
    "company": {
      "name": "Romaguera-Crona",
      "catchPhrase": "Multi-layered client-server neural-net",
      "bs": "harness real-time e-markets"
    }
  },
  {
    "id": 2,
    "name": "Ervin Howell",
    "username": "Antonette",
    "email": "Shanna@melissa.tv",
    "address": {
      "street": "Victor Plains",
      "suite": "Suite 879",
      "city": "Wisokyburgh",
      "zipcode": "90566-7771",
      "geo": {
        "lat": "-43.9509",
        "lng": "-34.4618"
      }
    },
    "phone": "010-692-6593 x09125",
    "website": "anastasia.net",
    "company": {
      "name": "Deckow-Crist",
      "catchPhrase": "Proactive didactic contingency",
      "bs": "synergize scalable supply-chains"
    }
  },
  {
    "id": 3,
    "name": "Clementine Bauch",
    "username": "Samantha",
    "email": "Nathan@yesenia.net",
    "address": {
      "street": "Douglas Extension",
      "suite": "Suite 847",
      "city": "McKenziehaven",
      "zipcode": "59590-4157",
      "geo": {
        "lat": "-68.6102",
        "lng": "-47.0653"
      }
    },
    "phone": "1-463-123-4447",
    "website": "ramiro.info",
    "company": {
      "name": "Romaguera-Jacobson",
      "catchPhrase": "Face to face bifurcated interface",
      "bs": "e-enable strategic applications"
    }
  },
  {
    "id": 4,
    "name": "Patricia Lebsack",
    "username": "Karianne",
    "email": "Julianne.OConner@kory.org",
    "address": {
      "street": "Hoeger Mall",
      "suite": "Apt. 692",
      "city": "South Elvis",
      "zipcode": "53919-4257",
      "geo": {
        "lat": "29.4572",
        "lng": "-164.2990"
      }
    },
    "phone": "493-170-9623 x156",
    "website": "kale.biz",
    "company": {
      "name": "Robel-Corkery",
      "catchPhrase": "Multi-tiered zero tolerance productivity",
      "bs": "transition cutting-edge web services"
    }
  },
  {
    "id": 5,
    "name": "Chelsey Dietrich",
    "username": "Kamren",
    "email": "Lucio_Hettinger@annie.ca",
    "address": {
      "street": "Skiles Walks",
      "suite": "Suite 351",
      "city": "Roscoeview",
      "zipcode": "33263",
      "geo": {
        "lat": "-31.8129",
        "lng": "62.5342"
      }
    },
    "phone": "(254)954-1289",
    "website": "demarco.info",
    "company": {
      "name": "Keebler LLC",
      "catchPhrase": "User-centric fault-tolerant solution",
      "bs": "revolutionize end-to-end systems"
    }
  },
  {
    "id": 6,
    "name": "Mrs. Dennis Schulist",
    "username": "Leopoldo_Corkery",
    "email": "Karley_Dach@jasper.info",
    "address": {
      "street": "Norberto Crossing",
      "suite": "Apt. 950",
      "city": "South Christy",
      "zipcode": "23505-1337",
      "geo": {
        "lat": "-71.4197",
        "lng": "71.7478"
      }
    },
    "phone": "1-477-935-8478 x6430",
    "website": "ola.org",
    "company": {
      "name": "Considine-Lockman",
      "catchPhrase": "Synchronised bottom-line interface",
      "bs": "e-enable innovative applications"
    }
  },
  {
    "id": 7,
    "name": "Kurtis Weissnat",
    "username": "Elwyn.Skiles",
    "email": "Telly.Hoeger@billy.biz",
    "address": {
      "street": "Rex Trail",
      "suite": "Suite 280",
      "city": "Howemouth",
      "zipcode": "58804-1099",
      "geo": {
        "lat": "24.8918",
        "lng": "21.8984"
      }
    },
    "phone": "210.067.6132",
    "website": "elvis.io",
    "company": {
      "name": "Johns Group",
      "catchPhrase": "Configurable multimedia task-force",
      "bs": "generate enterprise e-tailers"
    }
  },
  {
    "id": 8,
    "name": "Nicholas Runolfsdottir V",
    "username": "Maxime_Nienow",
    "email": "Sherwood@rosamond.me",
    "address": {
      "street": "Ellsworth Summit",
      "suite": "Suite 729",
      "city": "Aliyaview",
      "zipcode": "45169",
      "geo": {
        "lat": "-14.3990",
        "lng": "-120.7677"
      }
    },
    "phone": "586.493.6943 x140",
    "website": "jacynthe.com",
    "company": {
      "name": "Abernathy Group",
      "catchPhrase": "Implemented secondary concept",
      "bs": "e-enable extensible e-tailers"
    }
  },
  {
    "id": 9,
    "name": "Glenna Reichert",
    "username": "Delphine",
    "email": "Chaim_McDermott@dana.io",
    "address": {
      "street": "Dayna Park",
      "suite": "Suite 449",
      "city": "Bartholomebury",
      "zipcode": "76495-3109",
      "geo": {
        "lat": "24.6463",
        "lng": "-168.8889"
      }
    },
    "phone": "(775)976-6794 x41206",
    "website": "conrad.com",
    "company": {
      "name": "Yost and Sons",
      "catchPhrase": "Switchable contextually-based project",
      "bs": "aggregate real-time technologies"
    }
  },
  {
    "id": 10,
    "name": "Clementina DuBuque",
    "username": "Moriah.Stanton",
    "email": "Rey.Padberg@karina.biz",
    "address": {
      "street": "Kattie Turnpike",
      "suite": "Suite 198",
      "city": "Lebsackbury",
      "zipcode": "31428-2261",
      "geo": {
        "lat": "-38.2386",
        "lng": "57.2232"
      }
    },
    "phone": "024-648-3804",
    "website": "ambrose.net",
    "company": {
      "name": "Hoeger LLC",
      "catchPhrase": "Centralized empowering task-force",
      "bs": "target end-to-end models"
    }
  }
]

13:37:08.056 [pool-1-thread-4] DEBUG com.intuit.karate - request:
2 > GET https://jsonplaceholder.typicode.com/users/1
2 > Authorization: Token eyJhbGciOiJIUzI1NiIsInR5cCI6IkpXVCJ9.eyJlbWFpbCI6ImthcmF0ZTgxMDhAa2FyYXRlLmNvbSIsInVzZXJuYW1lIjoia2FyYXRlODEwOCIsImlhdCI6MTY4NDgyOTIyNiwiZXhwIjoxNjkwMDEzMjI2fQ.TLUPPVachTzRjkCco5Q2Dp90kuB5kbrzJ4qAPxAeZzA
2 > Host: jsonplaceholder.typicode.com
2 > Connection: Keep-Alive
2 > User-Agent: Apache-HttpClient/4.5.13 (Java/11.0.18)
2 > Accept-Encoding: gzip,deflate


13:37:08.058 [pool-1-thread-1] DEBUG com.intuit.karate - response time in milliseconds: 1064
1 < 200
1 < Date: Tue, 23 May 2023 08:07:08 GMT
1 < Content-Type: application/json; charset=utf-8
1 < Transfer-Encoding: chunked
1 < Connection: keep-alive
1 < X-Powered-By: Express
1 < Access-Control-Allow-Origin: *
1 < Etag: W/"15f-G76b/50whXlxJnCsxAEDULMaU1Q"
1 < Via: 1.1 vegur
1 < CF-Cache-Status: DYNAMIC
1 < Report-To: {"endpoints":[{"url":"https:\/\/a.nel.cloudflare.com\/report\/v3?s=XBIEzvdtJGwnxBt02cgRHe0u7cHRaPwh%2FJ0jWzBCMpMfXbEsLVfPkuM7i8Vpg4OFfaaAsQRY%2BnYVzBNWUP62LR7cFeHEpLkZ3K0NalPAZJrb%2Fwk%2BkxXv0q2dZOTyjiovf%2BqA"}],"group":"cf-nel","max_age":604800}
1 < NEL: {"success_fraction":0,"report_to":"cf-nel","max_age":604800}
1 < Server: cloudflare
1 < CF-RAY: 7cbbcdae781c2e7d-BOM
1 < alt-svc: h3=":443"; ma=86400, h3-29=":443"; ma=86400
{"user":{"email":"karate8108@karate.com","username":"karate8108","bio":null,"image":"https://api.realworld.io/images/smiley-cyrus.jpeg","token":"eyJhbGciOiJIUzI1NiIsInR5cCI6IkpXVCJ9.eyJlbWFpbCI6ImthcmF0ZTgxMDhAa2FyYXRlLmNvbSIsInVzZXJuYW1lIjoia2FyYXRlODEwOCIsImlhdCI6MTY4NDgyOTIyNywiZXhwIjoxNjkwMDEzMjI3fQ.GkxXQPDlPq3imiS7rDOxtx15grPzcw9yd-lS0DYSP0A"}}

13:37:08.062 [pool-1-thread-1] INFO  com.intuit.karate - << lock released, cached callonce: read('classpath:helper/CreateToken.feature')
13:37:08.068 [pool-1-thread-1] DEBUG com.intuit.karate - request:
1 > POST https://api.realworld.io/api/articles
1 > Authorization: Token eyJhbGciOiJIUzI1NiIsInR5cCI6IkpXVCJ9.eyJlbWFpbCI6ImthcmF0ZTgxMDhAa2FyYXRlLmNvbSIsInVzZXJuYW1lIjoia2FyYXRlODEwOCIsImlhdCI6MTY4NDgyOTIyNiwiZXhwIjoxNjkwMDEzMjI2fQ.TLUPPVachTzRjkCco5Q2Dp90kuB5kbrzJ4qAPxAeZzA
1 > Content-Type: application/json; charset=UTF-8
1 > Content-Length: 94
1 > Host: api.realworld.io
1 > Connection: Keep-Alive
1 > User-Agent: Apache-HttpClient/4.5.13 (Java/11.0.18)
1 > Accept-Encoding: gzip,deflate
{"article":{"title":"Delete Title","description":"Article","body":"Hello There","tagList":[]}}

13:37:08.138 [pool-1-thread-4] DEBUG com.intuit.karate - response time in milliseconds: 81
2 < 200
2 < Date: Tue, 23 May 2023 08:07:08 GMT
2 < Content-Type: application/json; charset=utf-8
2 < Transfer-Encoding: chunked
2 < Connection: keep-alive
2 < X-Powered-By: Express
2 < X-Ratelimit-Limit: 1000
2 < X-Ratelimit-Remaining: 999
2 < X-Ratelimit-Reset: 1683885278
2 < Vary: Origin, Accept-Encoding
2 < Access-Control-Allow-Credentials: true
2 < Cache-Control: max-age=43200
2 < Pragma: no-cache
2 < Expires: -1
2 < X-Content-Type-Options: nosniff
2 < Etag: W/"1fd-+2Y3G3w049iSZtw5t1mzSnunngE"
2 < Via: 1.1 vegur
2 < CF-Cache-Status: HIT
2 < Age: 16784
2 < Report-To: {"endpoints":[{"url":"https:\/\/a.nel.cloudflare.com\/report\/v3?s=LfyBzy33dSfX9Cx2YaqM44NikvCGYvKOcEfZk5pVHl0xGpyaXtmEnTeg9hNffzj63AF2EpmSsa1QZZBfsRsROodQmIoJYxFxXyvV1bABhnf0CQ1bJlgFz8%2BKz1nR1mi1u%2FR8ePxmfIb5m52FCvs%3D"}],"group":"cf-nel","max_age":604800}
2 < NEL: {"success_fraction":0,"report_to":"cf-nel","max_age":604800}
2 < Server: cloudflare
2 < CF-RAY: 7cbbcdb3bf9d85ea-BOM
{
  "id": 1,
  "name": "Leanne Graham",
  "username": "Bret",
  "email": "Sincere@april.biz",
  "address": {
    "street": "Kulas Light",
    "suite": "Apt. 556",
    "city": "Gwenborough",
    "zipcode": "92998-3874",
    "geo": {
      "lat": "-37.3159",
      "lng": "81.1496"
    }
  },
  "phone": "1-770-736-8031 x56442",
  "website": "hildegard.org",
  "company": {
    "name": "Romaguera-Crona",
    "catchPhrase": "Multi-layered client-server neural-net",
    "bs": "harness real-time e-markets"
  }
}

13:37:08.411 [pool-1-thread-3] DEBUG com.intuit.karate - response time in milliseconds: 1425
1 < 200
1 < Date: Tue, 23 May 2023 08:07:08 GMT
1 < Content-Type: application/json; charset=utf-8
1 < Transfer-Encoding: chunked
1 < Connection: keep-alive
1 < X-Powered-By: Express
1 < Access-Control-Allow-Origin: *
1 < Etag: W/"df8-T783/SJxFpT83QJyovfUlcUg6uc"
1 < Via: 1.1 vegur
1 < CF-Cache-Status: DYNAMIC
1 < Report-To: {"endpoints":[{"url":"https:\/\/a.nel.cloudflare.com\/report\/v3?s=m91KxD7kC0Z1Km78e363y60YL93dxenrO1eWpetBdWH1QIoaC%2BvGB%2Fx1%2Bk%2FhJpM2O9%2BmS9x3pO13qR3EVWywQzxDv93FNiaW42wfoqDrwUAlefAtth2rj7jogg0N6%2B%2B%2FHDlB"}],"group":"cf-nel","max_age":604800}
1 < NEL: {"success_fraction":0,"report_to":"cf-nel","max_age":604800}
1 < Server: cloudflare
1 < CF-RAY: 7cbbcdae88b4f37b-BOM
1 < alt-svc: h3=":443"; ma=86400, h3-29=":443"; ma=86400
{"articles":[{"slug":"Updated-title-one1-179370","title":"Updated title one1","description":"Article","body":"Hello There","tagList":[],"createdAt":"2023-05-23T07:11:37.358Z","updatedAt":"2023-05-23T07:11:37.358Z","favorited":false,"favoritesCount":0,"author":{"username":"karate8108","bio":null,"image":"https://api.realworld.io/images/smiley-cyrus.jpeg","following":false}},{"slug":"Updated-title-Four11-179370","title":"Updated title Four11","description":"Article","body":"Hello There","tagList":[],"createdAt":"2023-05-18T05:53:40.956Z","updatedAt":"2023-05-18T05:53:40.956Z","favorited":false,"favoritesCount":0,"author":{"username":"karate8108","bio":null,"image":"https://api.realworld.io/images/smiley-cyrus.jpeg","following":false}},{"slug":"Updated-title-Four1-179370","title":"Updated title Four1","description":"Article","body":"Hello There","tagList":[],"createdAt":"2023-05-18T05:53:13.767Z","updatedAt":"2023-05-18T05:53:13.767Z","favorited":false,"favoritesCount":0,"author":{"username":"karate8108","bio":null,"image":"https://api.realworld.io/images/smiley-cyrus.jpeg","following":false}},{"slug":"Updated-title-Four-179370","title":"Updated title Four","description":"Article","body":"Hello There","tagList":[],"createdAt":"2023-05-18T05:52:10.512Z","updatedAt":"2023-05-18T05:52:10.512Z","favorited":false,"favoritesCount":0,"author":{"username":"karate8108","bio":null,"image":"https://api.realworld.io/images/smiley-cyrus.jpeg","following":false}},{"slug":"Updated-title-Three-179370","title":"Updated title Three","description":"Article","body":"Hello There","tagList":[],"createdAt":"2023-05-18T05:45:52.793Z","updatedAt":"2023-05-18T05:45:52.793Z","favorited":false,"favoritesCount":0,"author":{"username":"karate8108","bio":null,"image":"https://api.realworld.io/images/smiley-cyrus.jpeg","following":false}},{"slug":"Updated-title-Two-179370","title":"Updated title Two","description":"Article","body":"Hello There","tagList":[],"createdAt":"2023-05-18T05:45:22.878Z","updatedAt":"2023-05-18T05:45:22.878Z","favorited":false,"favoritesCount":0,"author":{"username":"karate8108","bio":null,"image":"https://api.realworld.io/images/smiley-cyrus.jpeg","following":false}},{"slug":"Updated-title-179370","title":"Updated title","description":"Article","body":"Hello There","tagList":[],"createdAt":"2023-05-17T11:20:33.502Z","updatedAt":"2023-05-17T11:20:33.502Z","favorited":false,"favoritesCount":0,"author":{"username":"karate8108","bio":null,"image":"https://api.realworld.io/images/smiley-cyrus.jpeg","following":false}},{"slug":"NewCheck-179370","title":"NewCheck","description":"Article","body":"Hello There","tagList":[],"createdAt":"2023-05-17T11:10:04.196Z","updatedAt":"2023-05-17T11:10:04.196Z","favorited":false,"favoritesCount":0,"author":{"username":"karate8108","bio":null,"image":"https://api.realworld.io/images/smiley-cyrus.jpeg","following":false}},{"slug":"New-179370","title":"New","description":"Article","body":"Hello There","tagList":[],"createdAt":"2023-05-17T09:43:12.450Z","updatedAt":"2023-05-17T09:43:12.450Z","favorited":false,"favoritesCount":0,"author":{"username":"karate8108","bio":null,"image":"https://api.realworld.io/images/smiley-cyrus.jpeg","following":false}},{"slug":"Check-179370","title":"Check","description":"wqwq","body":"qwqwqw","tagList":[],"createdAt":"2023-05-17T09:37:33.348Z","updatedAt":"2023-05-17T09:37:33.348Z","favorited":false,"favoritesCount":0,"author":{"username":"karate8108","bio":null,"image":"https://api.realworld.io/images/smiley-cyrus.jpeg","following":false}}],"articlesCount":207}

13:37:08.416 [pool-1-thread-3] ERROR com.intuit.karate - classpath:conduitApp/feature/HomePage.feature:21
And match response.articlesCount == 197
match failed: EQUALS
  $ | not equal (NUMBER:NUMBER)
  207
  197

classpath:conduitApp/feature/HomePage.feature:21
13:37:09.512 [pool-1-thread-1] DEBUG com.intuit.karate - response time in milliseconds: 1443
1 < 200
1 < Date: Tue, 23 May 2023 08:07:08 GMT
1 < Content-Type: application/json; charset=utf-8
1 < Transfer-Encoding: chunked
1 < Connection: keep-alive
1 < X-Powered-By: Express
1 < Access-Control-Allow-Origin: *
1 < Etag: W/"16a-iFYU1rqUHbS1+57asWyZ7GXnufA"
1 < Via: 1.1 vegur
1 < CF-Cache-Status: DYNAMIC
1 < Report-To: {"endpoints":[{"url":"https:\/\/a.nel.cloudflare.com\/report\/v3?s=mQ%2B88VAcAGKns6RTniQ1dtm25Jqbrcy8j3VoTD18DY%2FUeBg%2BWhyWsU5eJx0ueJAo8gQFuoz%2BKv3NWTk4b2RbtghWuiF1pJFvbTs4PKVpkuC%2FBScurI3ayZnKvrnssaYPzkty"}],"group":"cf-nel","max_age":604800}
1 < NEL: {"success_fraction":0,"report_to":"cf-nel","max_age":604800}
1 < Server: cloudflare
1 < CF-RAY: 7cbbcdb3cdda1bcb-BOM
1 < alt-svc: h3=":443"; ma=86400, h3-29=":443"; ma=86400
{"article":{"slug":"Delete-Title-179370","title":"Delete Title","description":"Article","body":"Hello There","tagList":[],"createdAt":"2023-05-23T08:07:08.617Z","updatedAt":"2023-05-23T08:07:08.617Z","favorited":false,"favoritesCount":0,"author":{"username":"karate8108","bio":null,"image":"https://api.realworld.io/images/smiley-cyrus.jpeg","following":false}}}

13:37:09.517 [pool-1-thread-1] DEBUG com.intuit.karate - request:
2 > GET https://api.realworld.io/api/articles?offset=0&limit=10
2 > Authorization: Token eyJhbGciOiJIUzI1NiIsInR5cCI6IkpXVCJ9.eyJlbWFpbCI6ImthcmF0ZTgxMDhAa2FyYXRlLmNvbSIsInVzZXJuYW1lIjoia2FyYXRlODEwOCIsImlhdCI6MTY4NDgyOTIyNiwiZXhwIjoxNjkwMDEzMjI2fQ.TLUPPVachTzRjkCco5Q2Dp90kuB5kbrzJ4qAPxAeZzA
2 > Host: api.realworld.io
2 > Connection: Keep-Alive
2 > User-Agent: Apache-HttpClient/4.5.13 (Java/11.0.18)
2 > Accept-Encoding: gzip,deflate


13:37:11.270 [pool-1-thread-1] DEBUG com.intuit.karate - response time in milliseconds: 1752
2 < 200
2 < Date: Tue, 23 May 2023 08:07:11 GMT
2 < Content-Type: application/json; charset=utf-8
2 < Transfer-Encoding: chunked
2 < Connection: keep-alive
2 < X-Powered-By: Express
2 < Access-Control-Allow-Origin: *
2 < Etag: W/"e0e-xIn6iQy9Dv576o3VCd6FZOchBR0"
2 < Via: 1.1 vegur
2 < CF-Cache-Status: DYNAMIC
2 < Report-To: {"endpoints":[{"url":"https:\/\/a.nel.cloudflare.com\/report\/v3?s=0fZKqbt4VDO4nn4HL%2FLSup9dSGNHbG0x98xCDI%2FtPlGLj7mB5SqWRhRD%2Berr7Zlb%2B6%2F0jUctSoaBkvNMZJoE2bV9J7E4k0o8rC1TL06alVpoEEZiH0DTxMZnNZedQ1YKKANO"}],"group":"cf-nel","max_age":604800}
2 < NEL: {"success_fraction":0,"report_to":"cf-nel","max_age":604800}
2 < Server: cloudflare
2 < CF-RAY: 7cbbcdbccba431ee-BOM
2 < alt-svc: h3=":443"; ma=86400, h3-29=":443"; ma=86400
{"articles":[{"slug":"Delete-Title-179370","title":"Delete Title","description":"Article","body":"Hello There","tagList":[],"createdAt":"2023-05-23T08:07:08.617Z","updatedAt":"2023-05-23T08:07:08.617Z","favorited":false,"favoritesCount":0,"author":{"username":"karate8108","bio":null,"image":"https://api.realworld.io/images/smiley-cyrus.jpeg","following":false}},{"slug":"Updated-title-one1-179370","title":"Updated title one1","description":"Article","body":"Hello There","tagList":[],"createdAt":"2023-05-23T07:11:37.358Z","updatedAt":"2023-05-23T07:11:37.358Z","favorited":false,"favoritesCount":0,"author":{"username":"karate8108","bio":null,"image":"https://api.realworld.io/images/smiley-cyrus.jpeg","following":false}},{"slug":"Updated-title-Four11-179370","title":"Updated title Four11","description":"Article","body":"Hello There","tagList":[],"createdAt":"2023-05-18T05:53:40.956Z","updatedAt":"2023-05-18T05:53:40.956Z","favorited":false,"favoritesCount":0,"author":{"username":"karate8108","bio":null,"image":"https://api.realworld.io/images/smiley-cyrus.jpeg","following":false}},{"slug":"Updated-title-Four1-179370","title":"Updated title Four1","description":"Article","body":"Hello There","tagList":[],"createdAt":"2023-05-18T05:53:13.767Z","updatedAt":"2023-05-18T05:53:13.767Z","favorited":false,"favoritesCount":0,"author":{"username":"karate8108","bio":null,"image":"https://api.realworld.io/images/smiley-cyrus.jpeg","following":false}},{"slug":"Updated-title-Four-179370","title":"Updated title Four","description":"Article","body":"Hello There","tagList":[],"createdAt":"2023-05-18T05:52:10.512Z","updatedAt":"2023-05-18T05:52:10.512Z","favorited":false,"favoritesCount":0,"author":{"username":"karate8108","bio":null,"image":"https://api.realworld.io/images/smiley-cyrus.jpeg","following":false}},{"slug":"Updated-title-Three-179370","title":"Updated title Three","description":"Article","body":"Hello There","tagList":[],"createdAt":"2023-05-18T05:45:52.793Z","updatedAt":"2023-05-18T05:45:52.793Z","favorited":false,"favoritesCount":0,"author":{"username":"karate8108","bio":null,"image":"https://api.realworld.io/images/smiley-cyrus.jpeg","following":false}},{"slug":"Updated-title-Two-179370","title":"Updated title Two","description":"Article","body":"Hello There","tagList":[],"createdAt":"2023-05-18T05:45:22.878Z","updatedAt":"2023-05-18T05:45:22.878Z","favorited":false,"favoritesCount":0,"author":{"username":"karate8108","bio":null,"image":"https://api.realworld.io/images/smiley-cyrus.jpeg","following":false}},{"slug":"Updated-title-179370","title":"Updated title","description":"Article","body":"Hello There","tagList":[],"createdAt":"2023-05-17T11:20:33.502Z","updatedAt":"2023-05-17T11:20:33.502Z","favorited":false,"favoritesCount":0,"author":{"username":"karate8108","bio":null,"image":"https://api.realworld.io/images/smiley-cyrus.jpeg","following":false}},{"slug":"NewCheck-179370","title":"NewCheck","description":"Article","body":"Hello There","tagList":[],"createdAt":"2023-05-17T11:10:04.196Z","updatedAt":"2023-05-17T11:10:04.196Z","favorited":false,"favoritesCount":0,"author":{"username":"karate8108","bio":null,"image":"https://api.realworld.io/images/smiley-cyrus.jpeg","following":false}},{"slug":"New-179370","title":"New","description":"Article","body":"Hello There","tagList":[],"createdAt":"2023-05-17T09:43:12.450Z","updatedAt":"2023-05-17T09:43:12.450Z","favorited":false,"favoritesCount":0,"author":{"username":"karate8108","bio":null,"image":"https://api.realworld.io/images/smiley-cyrus.jpeg","following":false}}],"articlesCount":208}

13:37:11.275 [pool-1-thread-1] DEBUG com.intuit.karate - request:
3 > DELETE https://api.realworld.io/api/articles/Delete-Title-179370
3 > Authorization: Token eyJhbGciOiJIUzI1NiIsInR5cCI6IkpXVCJ9.eyJlbWFpbCI6ImthcmF0ZTgxMDhAa2FyYXRlLmNvbSIsInVzZXJuYW1lIjoia2FyYXRlODEwOCIsImlhdCI6MTY4NDgyOTIyNiwiZXhwIjoxNjkwMDEzMjI2fQ.TLUPPVachTzRjkCco5Q2Dp90kuB5kbrzJ4qAPxAeZzA
3 > Host: api.realworld.io
3 > Connection: Keep-Alive
3 > User-Agent: Apache-HttpClient/4.5.13 (Java/11.0.18)
3 > Accept-Encoding: gzip,deflate


13:37:13.047 [pool-1-thread-1] DEBUG com.intuit.karate - response time in milliseconds: 1771
3 < 204
3 < Date: Tue, 23 May 2023 08:07:13 GMT
3 < Content-Length: 0
3 < Connection: keep-alive
3 < X-Powered-By: Express
3 < Access-Control-Allow-Origin: *
3 < Etag: W/"a-bAsFyilMr4Ra1hIU5PyoyFRunpI"
3 < Via: 1.1 vegur
3 < CF-Cache-Status: DYNAMIC
3 < Report-To: {"endpoints":[{"url":"https:\/\/a.nel.cloudflare.com\/report\/v3?s=igApJQQ8%2BwX09fFqpCsyTg%2BuyFA9tO4OTnoVQ1VP8xUU12eXG7yb6ilQrt7rhr7vK3hI6AHUkk3NKioKR21jFytMik%2FwoCbczGuPAQltBadyy3PQul0VrviVZ8q6mT5mxe4I"}],"group":"cf-nel","max_age":604800}
3 < NEL: {"success_fraction":0,"report_to":"cf-nel","max_age":604800}
3 < Server: cloudflare
3 < CF-RAY: 7cbbcdce19ba1bd8-BOM
3 < alt-svc: h3=":443"; ma=86400, h3-29=":443"; ma=86400


13:37:13.049 [pool-1-thread-1] DEBUG com.intuit.karate - request:
4 > GET https://api.realworld.io/api/articles?offset=0&limit=10
4 > Authorization: Token eyJhbGciOiJIUzI1NiIsInR5cCI6IkpXVCJ9.eyJlbWFpbCI6ImthcmF0ZTgxMDhAa2FyYXRlLmNvbSIsInVzZXJuYW1lIjoia2FyYXRlODEwOCIsImlhdCI6MTY4NDgyOTIyNiwiZXhwIjoxNjkwMDEzMjI2fQ.TLUPPVachTzRjkCco5Q2Dp90kuB5kbrzJ4qAPxAeZzA
4 > Host: api.realworld.io
4 > Connection: Keep-Alive
4 > User-Agent: Apache-HttpClient/4.5.13 (Java/11.0.18)
4 > Accept-Encoding: gzip,deflate


13:37:14.340 [pool-1-thread-1] DEBUG com.intuit.karate - response time in milliseconds: 1290
4 < 200
4 < Date: Tue, 23 May 2023 08:07:14 GMT
4 < Content-Type: application/json; charset=utf-8
4 < Transfer-Encoding: chunked
4 < Connection: keep-alive
4 < X-Powered-By: Express
4 < Access-Control-Allow-Origin: *
4 < Etag: W/"df8-T783/SJxFpT83QJyovfUlcUg6uc"
4 < Via: 1.1 vegur
4 < CF-Cache-Status: DYNAMIC
4 < Report-To: {"endpoints":[{"url":"https:\/\/a.nel.cloudflare.com\/report\/v3?s=WKzK053YVYNb%2F79Jvjy02X2IGJQAy7Qjjx8N%2BtE36J%2FffXcQ9%2F65Hv8SwNOv1iXvueVErwSDI%2BbIiUDh5KH%2Bd3v9d5ZngcPOp4Hxo8REX6pzji7hEXSVurr3cFojpe0gZIgB"}],"group":"cf-nel","max_age":604800}
4 < NEL: {"success_fraction":0,"report_to":"cf-nel","max_age":604800}
4 < Server: cloudflare
4 < CF-RAY: 7cbbcdd2e93a1bd7-BOM
4 < alt-svc: h3=":443"; ma=86400, h3-29=":443"; ma=86400
{"articles":[{"slug":"Updated-title-one1-179370","title":"Updated title one1","description":"Article","body":"Hello There","tagList":[],"createdAt":"2023-05-23T07:11:37.358Z","updatedAt":"2023-05-23T07:11:37.358Z","favorited":false,"favoritesCount":0,"author":{"username":"karate8108","bio":null,"image":"https://api.realworld.io/images/smiley-cyrus.jpeg","following":false}},{"slug":"Updated-title-Four11-179370","title":"Updated title Four11","description":"Article","body":"Hello There","tagList":[],"createdAt":"2023-05-18T05:53:40.956Z","updatedAt":"2023-05-18T05:53:40.956Z","favorited":false,"favoritesCount":0,"author":{"username":"karate8108","bio":null,"image":"https://api.realworld.io/images/smiley-cyrus.jpeg","following":false}},{"slug":"Updated-title-Four1-179370","title":"Updated title Four1","description":"Article","body":"Hello There","tagList":[],"createdAt":"2023-05-18T05:53:13.767Z","updatedAt":"2023-05-18T05:53:13.767Z","favorited":false,"favoritesCount":0,"author":{"username":"karate8108","bio":null,"image":"https://api.realworld.io/images/smiley-cyrus.jpeg","following":false}},{"slug":"Updated-title-Four-179370","title":"Updated title Four","description":"Article","body":"Hello There","tagList":[],"createdAt":"2023-05-18T05:52:10.512Z","updatedAt":"2023-05-18T05:52:10.512Z","favorited":false,"favoritesCount":0,"author":{"username":"karate8108","bio":null,"image":"https://api.realworld.io/images/smiley-cyrus.jpeg","following":false}},{"slug":"Updated-title-Three-179370","title":"Updated title Three","description":"Article","body":"Hello There","tagList":[],"createdAt":"2023-05-18T05:45:52.793Z","updatedAt":"2023-05-18T05:45:52.793Z","favorited":false,"favoritesCount":0,"author":{"username":"karate8108","bio":null,"image":"https://api.realworld.io/images/smiley-cyrus.jpeg","following":false}},{"slug":"Updated-title-Two-179370","title":"Updated title Two","description":"Article","body":"Hello There","tagList":[],"createdAt":"2023-05-18T05:45:22.878Z","updatedAt":"2023-05-18T05:45:22.878Z","favorited":false,"favoritesCount":0,"author":{"username":"karate8108","bio":null,"image":"https://api.realworld.io/images/smiley-cyrus.jpeg","following":false}},{"slug":"Updated-title-179370","title":"Updated title","description":"Article","body":"Hello There","tagList":[],"createdAt":"2023-05-17T11:20:33.502Z","updatedAt":"2023-05-17T11:20:33.502Z","favorited":false,"favoritesCount":0,"author":{"username":"karate8108","bio":null,"image":"https://api.realworld.io/images/smiley-cyrus.jpeg","following":false}},{"slug":"NewCheck-179370","title":"NewCheck","description":"Article","body":"Hello There","tagList":[],"createdAt":"2023-05-17T11:10:04.196Z","updatedAt":"2023-05-17T11:10:04.196Z","favorited":false,"favoritesCount":0,"author":{"username":"karate8108","bio":null,"image":"https://api.realworld.io/images/smiley-cyrus.jpeg","following":false}},{"slug":"New-179370","title":"New","description":"Article","body":"Hello There","tagList":[],"createdAt":"2023-05-17T09:43:12.450Z","updatedAt":"2023-05-17T09:43:12.450Z","favorited":false,"favoritesCount":0,"author":{"username":"karate8108","bio":null,"image":"https://api.realworld.io/images/smiley-cyrus.jpeg","following":false}},{"slug":"Check-179370","title":"Check","description":"wqwq","body":"qwqwqw","tagList":[],"createdAt":"2023-05-17T09:37:33.348Z","updatedAt":"2023-05-17T09:37:33.348Z","favorited":false,"favoritesCount":0,"author":{"username":"karate8108","bio":null,"image":"https://api.realworld.io/images/smiley-cyrus.jpeg","following":false}}],"articlesCount":207}

---------------------------------------------------------
feature: classpath:conduitApp/feature/Article.feature
scenarios:  1 | passed:  1 | failed:  0 | time: 7.3803
---------------------------------------------------------

13:37:15.105 [pool-2-thread-1] INFO  com.intuit.karate.Suite - <<pass>> feature 1 of 3 (2 remaining) classpath:conduitApp/feature/Article.feature
---------------------------------------------------------
feature: classpath:conduitApp/feature/HomePage.feature
scenarios:  2 | passed:  1 | failed:  1 | time: 2.4856
---------------------------------------------------------

13:37:15.203 [pool-2-thread-1] INFO  com.intuit.karate.Suite - <<fail>> feature 2 of 3 (1 remaining) classpath:conduitApp/feature/HomePage.feature
---------------------------------------------------------
feature: classpath:conduitApp/users/users.feature
scenarios:  2 | passed:  2 | failed:  0 | time: 1.9870
---------------------------------------------------------

13:37:15.358 [pool-2-thread-1] INFO  com.intuit.karate.Suite - <<pass>> feature 3 of 3 (0 remaining) classpath:conduitApp/users/users.feature
Karate version: 1.3.1
======================================================
elapsed:  12.01 | threads:    5 | thread time: 11.85 
features:     3 | skipped:    0 | efficiency: 0.20
scenarios:    5 | passed:     4 | failed: 1
======================================================
>>> failed features:
match failed: EQUALS
  $ | not equal (NUMBER:NUMBER)
  207
  197

classpath:conduitApp/feature/HomePage.feature:21
<<<

HTML report: (paste into browser to view) | Karate version: 1.3.1
file:///C:/Users/hbodake/Documents/karate-udemy/udemyproject/target/karate-reports/karate-summary.html
===================================================================

]]></system-out>
  </testcase>
</testsuite>